<?xml version="1.0" encoding="UTF-8"?>
<!-- Generated by org.testng.reporters.JUnitReportReporter -->
<testsuite skipped="0" hostname="PC" name="MyRunner.TestRunner" tests="1" failures="0" timestamp="13 Feb 2021 18:22:47 GMT" time="55.431" errors="0">
  <testcase name="feature" time="55.431" classname="MyRunner.TestRunner"/>
</testsuite> <!-- MyRunner.TestRunner -->
